d:\workspace\test\qt\customtrayapp\debug\moc_customtrayapp.obj
d:\workspace\test\qt\customtrayapp\debug\qrc_customtrayapp.obj
d:\workspace\test\qt\customtrayapp\debug\main.obj
d:\workspace\test\qt\customtrayapp\debug\customtrayapp.obj
d:\workspace\test\qt\customtrayapp\debug\vc142.pdb
d:\workspace\test\qt\customtrayapp\debug\uic\ui_customtrayapp.h
d:\workspace\test\qt\customtrayapp\debug\rcc\qrc_customtrayapp.cpp
d:\workspace\test\qt\customtrayapp\debug\moc\moc_customtrayapp.cpp
d:\workspace\test\qt\customtrayapp\debug\customtrayapp.exe
d:\workspace\test\qt\customtrayapp\debug\customtrayapp.ilk
d:\workspace\test\qt\customtrayapp\debug\customtrayapp.pdb
d:\workspace\test\qt\customtrayapp\debug\customtrayapp.res
d:\workspace\test\qt\customtrayapp\debug\cpp_test.ilk
d:\workspace\test\qt\customtrayapp\debug\cpp_test.pdb
d:\workspace\test\qt\customtrayapp\debug\customtrayapp.tlog\cl.command.1.tlog
d:\workspace\test\qt\customtrayapp\debug\customtrayapp.tlog\cl.read.1.tlog
d:\workspace\test\qt\customtrayapp\debug\customtrayapp.tlog\cl.write.1.tlog
d:\workspace\test\qt\customtrayapp\debug\customtrayapp.tlog\customtrayapp.write.1u.tlog
d:\workspace\test\qt\customtrayapp\debug\customtrayapp.tlog\link.command.1.tlog
d:\workspace\test\qt\customtrayapp\debug\customtrayapp.tlog\link.read.1.tlog
d:\workspace\test\qt\customtrayapp\debug\customtrayapp.tlog\link.write.1.tlog
d:\workspace\test\qt\customtrayapp\debug\customtrayapp.tlog\moc.read.1u.tlog
d:\workspace\test\qt\customtrayapp\debug\customtrayapp.tlog\moc.write.1u.tlog
d:\workspace\test\qt\customtrayapp\debug\customtrayapp.tlog\rc.command.1.tlog
d:\workspace\test\qt\customtrayapp\debug\customtrayapp.tlog\rc.read.1.tlog
d:\workspace\test\qt\customtrayapp\debug\customtrayapp.tlog\rc.write.1.tlog
d:\workspace\test\qt\customtrayapp\debug\customtrayapp.tlog\rcc.read.1u.tlog
d:\workspace\test\qt\customtrayapp\debug\customtrayapp.tlog\rcc.write.1u.tlog
d:\workspace\test\qt\customtrayapp\debug\customtrayapp.tlog\uic.read.1u.tlog
d:\workspace\test\qt\customtrayapp\debug\customtrayapp.tlog\uic.write.1u.tlog
